Packet 1
src_ip_address: 1.2.3.4
dst_ip_address: 10.1.1.2
src_tl_port: 450
dst_tl_port: 80
protocol: HTTP

Packet arrives at router A
No matching ip addresses in subnet...
Checking rules for router A
Rule found: dst_ip_address=10.1.1.2
Forwarding to Router B

Packet arrives at Router B
No matching ip addresses in subnet...
Checking rules for router B
rule found: dst_ip_address=10.1.1.2
Forwarding to Router D

Packet arrives at Router D
IP found in subnet!
Delivering packet...
Moving on to next packet


Packet 2
src_ip_address: 1.2.3.4
dst_ip_address: 10.1.1.3
src_tl_port: 5775
dst_tl_port: 6060
protocol: TCP

Packet arrives at router A
No matching ip addresses in subnet...
Checking rules for router A
Rule found: dst_ip_address=10.1.1.3
Forwarding to Router C

Packet arrives at router C
No matching ip addresses in subnet...
Checking rules for router C
Rule found: dst_ip_address=10.1.1.3
Dropping packet!
Moving on to next packet


Packet 3
src_ip_address: 10.10.10.10
dst_ip_address: 10.6.6.3
src_tl_port: 8080
dst_tl_port: 21
protocol: TCP

Packet arrives at router A
IP found in subnet!
Delivering packet...
Moving on to next packet


Packet 4
src_ip_address: 210.52.3.1
dst_ip_address: 10.1.1.7
src_tl_port: 13
dst_tl_port: 120
protocol: TCP

Packet arrives at router A
No matching ip addresses in subnet...
Checking rules for router A
Rule found: dst_tl_port=120
Forwarding to Router B

Packet arrives at router B
No matching ip addresses in subnet...
Checking rules for router B
Rule found: dst_tl_port=120
Forwarding to Router D

Packet arrives at router D
No matching ip addresses in subnet...
Checking rules for router D
No rules found... Packet is being dropped
Moving on to next packet


Packet 5
src_ip_address: 1.2.3.4
dst_ip_address: 10.1.1.9
src_tl_port: 5775
dst_tl_port: 6060
protocol: TCP

Packet arrives at router A
No matching ip addresses in subnet...
Checking rules for router A
Rule found: dst_ip_address=10.1.1.9
Modifying packet: dst_ip_address=10.1.1.2
Checking rules for router A
Rule found: dst_ip_address=10.1.1.3
Forwarding to router C

Packet arrives at router C
No matching ip addresses in subnet...
Checking rules for router C
Rule found: dst_ip_address=10.1.1.3
Dropping packet!
Moving on to next packet


Packet 6
src_ip_address: 1.2.3.4
dst_ip_address: 10.3.3.3
src_tl_port: 5775
dst_tl_port: 9090
protocol: FTP

Packet arrives at router A
No matching ip addresses in subnet...
Checking rules for router A
Rule found: protocol=FTP
Forwarding to router B

Packet arrives at router B
No matching ip addresses in subnet...
Checking rules for router B
Rule found: dst_tl_port=9090
Modifying packet: dst_tl_port=8080
Checking rules for router B
Rule found: dst_tl_port=8080
Forwarding to router D

Packet arrives at router D
No matching ip addresses in subnet...
Checking rules for router D
Rule found: dst_tl_port=8080
Dropping packet!
Moving on to next packet


Packet 7
src_ip_address: 1.2.3.4
dst_ip_address: 99.9.99.99
src_tl_port: 80
dst_tl_port: 10000
protocol: UDP

Packet arrives at router A
No matching ip addresses in subnet...
Checking rules for router A
Rule found: src_tl_port=80
Modifying dst_ip_address=10.1.1.2
Checking rules for router A
Rule found: dst_ip_address=10.1.1.2
Forwarding to Router B

Packet arrives at Router B
No matching ip addresses in subnet...
Checking rules for router B
rule found: dst_ip_address=10.1.1.2
Forwarding to Router D

Packet arrives at Router D
IP found in subnet!
Delivering packet...
Moving on to next packet


Packet 8
src_ip_address: 7.7.7.7
dst_ip_address: 7.7.7.7
src_tl_port: 77
dst_tl_port: 77
protocol: UDP

Packet arrives at router A
No matching ip addresses in subnet...
Checking rules for router A
No rules found... Packet is being dropped
Moving on to next packet

<Program Finished>