MSU Faculty
-Engineering
--Electrical Engineering
--->Bradley Whitaker
--->Brock LaMeres
--Computer Science
--->Hunter Lloyd
--->Shane Blanchard
--->John Paxton
--->Reese Pearsall
-Sociology
-->Sara Rasch
-->Suzy McElrath
-->Cody Warner
-Administration
-->Bob Markwa
-->Waded Cruzado

The height of the tree is: 3

Match found!
Name: Reese Pearsall
Title: Instructor
Office: Barnard Hall 361

Match found!
Name: Waded Cruzado
Title: President
Office: Montana Hall 216

Match found!
Name: Shane Blanchard
Title: Academic Advisor
Office: Barnard Hall 357

Travis Peters was not found in the tree.
