
# # # # # # # # # # # # 
# . . . # . . . . . . # 
. . # . # . # # # # . # 
# # # . # . . . . # . # 
# . . . . # # # . # . # 
# # # # . # F # . # . # 
# . . # . # . # . # . # 
# # . # . # . # . # . # 
# . . . . . . . . # . # 
# # # # # # . # # # . # 
# . . . . . . # . . . # 
# # # # # # # # # # # # 

# # # # # # # # # # # # 
# . . . # . . . . . . # 
X . # . # . # # # # . # 
# # # . # . . . . # . # 
# . . . . # # # . # . # 
# # # # . # F # . # . # 
# . . # . # . # . # . # 
# # . # . # . # . # . # 
# . . . . . . . . # . # 
# # # # # # . # # # . # 
# . . . . . . # . . . # 
# # # # # # # # # # # # 

# # # # # # # # # # # # 
# . . . # . . . . . . # 
X X # . # . # # # # . # 
# # # . # . . . . # . # 
# . . . . # # # . # . # 
# # # # . # F # . # . # 
# . . # . # . # . # . # 
# # . # . # . # . # . # 
# . . . . . . . . # . # 
# # # # # # . # # # . # 
# . . . . . . # . . . # 
# # # # # # # # # # # # 

# # # # # # # # # # # # 
# . . . # . . . . . . # 
X X # . # . # # # # . # 
# # # . # . . . . # . # 
# . . . . # # # . # . # 
# # # # . # F # . # . # 
# . . # . # . # . # . # 
# # . # . # . # . # . # 
# . . . . . . . . # . # 
# # # # # # . # # # . # 
# . . . . . . # . . . # 
# # # # # # # # # # # # 

# # # # # # # # # # # # 
# X . . # . . . . . . # 
X X # . # . # # # # . # 
# # # . # . . . . # . # 
# . . . . # # # . # . # 
# # # # . # F # . # . # 
# . . # . # . # . # . # 
# # . # . # . # . # . # 
# . . . . . . . . # . # 
# # # # # # . # # # . # 
# . . . . . . # . . . # 
# # # # # # # # # # # # 

# # # # # # # # # # # # 
# X X . # . . . . . . # 
X X # . # . # # # # . # 
# # # . # . . . . # . # 
# . . . . # # # . # . # 
# # # # . # F # . # . # 
# . . # . # . # . # . # 
# # . # . # . # . # . # 
# . . . . . . . . # . # 
# # # # # # . # # # . # 
# . . . . . . # . . . # 
# # # # # # # # # # # # 

# # # # # # # # # # # # 
# X X X # . . . . . . # 
X X # . # . # # # # . # 
# # # . # . . . . # . # 
# . . . . # # # . # . # 
# # # # . # F # . # . # 
# . . # . # . # . # . # 
# # . # . # . # . # . # 
# . . . . . . . . # . # 
# # # # # # . # # # . # 
# . . . . . . # . . . # 
# # # # # # # # # # # # 

# # # # # # # # # # # # 
# X X X # . . . . . . # 
X X # X # . # # # # . # 
# # # . # . . . . # . # 
# . . . . # # # . # . # 
# # # # . # F # . # . # 
# . . # . # . # . # . # 
# # . # . # . # . # . # 
# . . . . . . . . # . # 
# # # # # # . # # # . # 
# . . . . . . # . . . # 
# # # # # # # # # # # # 

# # # # # # # # # # # # 
# X X X # . . . . . . # 
X X # X # . # # # # . # 
# # # X # . . . . # . # 
# . . . . # # # . # . # 
# # # # . # F # . # . # 
# . . # . # . # . # . # 
# # . # . # . # . # . # 
# . . . . . . . . # . # 
# # # # # # . # # # . # 
# . . . . . . # . . . # 
# # # # # # # # # # # # 

# # # # # # # # # # # # 
# X X X # . . . . . . # 
X X # X # . # # # # . # 
# # # X # . . . . # . # 
# . . X . # # # . # . # 
# # # # . # F # . # . # 
# . . # . # . # . # . # 
# # . # . # . # . # . # 
# . . . . . . . . # . # 
# # # # # # . # # # . # 
# . . . . . . # . . . # 
# # # # # # # # # # # # 

# # # # # # # # # # # # 
# X X X # . . . . . . # 
X X # X # . # # # # . # 
# # # X # . . . . # . # 
# . X X . # # # . # . # 
# # # # . # F # . # . # 
# . . # . # . # . # . # 
# # . # . # . # . # . # 
# . . . . . . . . # . # 
# # # # # # . # # # . # 
# . . . . . . # . . . # 
# # # # # # # # # # # # 

# # # # # # # # # # # # 
# X X X # . . . . . . # 
X X # X # . # # # # . # 
# # # X # . . . . # . # 
# X X X . # # # . # . # 
# # # # . # F # . # . # 
# . . # . # . # . # . # 
# # . # . # . # . # . # 
# . . . . . . . . # . # 
# # # # # # . # # # . # 
# . . . . . . # . . . # 
# # # # # # # # # # # # 

# # # # # # # # # # # # 
# X X X # . . . . . . # 
X X # X # . # # # # . # 
# # # X # . . . . # . # 
# X X X . # # # . # . # 
# # # # . # F # . # . # 
# . . # . # . # . # . # 
# # . # . # . # . # . # 
# . . . . . . . . # . # 
# # # # # # . # # # . # 
# . . . . . . # . . . # 
# # # # # # # # # # # # 

# # # # # # # # # # # # 
# X X X # . . . . . . # 
X X # X # . # # # # . # 
# # # X # . . . . # . # 
# X X X . # # # . # . # 
# # # # . # F # . # . # 
# . . # . # . # . # . # 
# # . # . # . # . # . # 
# . . . . . . . . # . # 
# # # # # # . # # # . # 
# . . . . . . # . . . # 
# # # # # # # # # # # # 

# # # # # # # # # # # # 
# X X X # . . . . . . # 
X X # X # . # # # # . # 
# # # X # . . . . # . # 
# X X X . # # # . # . # 
# # # # . # F # . # . # 
# . . # . # . # . # . # 
# # . # . # . # . # . # 
# . . . . . . . . # . # 
# # # # # # . # # # . # 
# . . . . . . # . . . # 
# # # # # # # # # # # # 

# # # # # # # # # # # # 
# X X X # . . . . . . # 
X X # X # . # # # # . # 
# # # X # . . . . # . # 
# X X X . # # # . # . # 
# # # # . # F # . # . # 
# . . # . # . # . # . # 
# # . # . # . # . # . # 
# . . . . . . . . # . # 
# # # # # # . # # # . # 
# . . . . . . # . . . # 
# # # # # # # # # # # # 

# # # # # # # # # # # # 
# X X X # . . . . . . # 
X X # X # . # # # # . # 
# # # X # . . . . # . # 
# X X X X # # # . # . # 
# # # # . # F # . # . # 
# . . # . # . # . # . # 
# # . # . # . # . # . # 
# . . . . . . . . # . # 
# # # # # # . # # # . # 
# . . . . . . # . . . # 
# # # # # # # # # # # # 

# # # # # # # # # # # # 
# X X X # . . . . . . # 
X X # X # . # # # # . # 
# # # X # . . . . # . # 
# X X X X # # # . # . # 
# # # # X # F # . # . # 
# . . # . # . # . # . # 
# # . # . # . # . # . # 
# . . . . . . . . # . # 
# # # # # # . # # # . # 
# . . . . . . # . . . # 
# # # # # # # # # # # # 

# # # # # # # # # # # # 
# X X X # . . . . . . # 
X X # X # . # # # # . # 
# # # X # . . . . # . # 
# X X X X # # # . # . # 
# # # # X # F # . # . # 
# . . # X # . # . # . # 
# # . # . # . # . # . # 
# . . . . . . . . # . # 
# # # # # # . # # # . # 
# . . . . . . # . . . # 
# # # # # # # # # # # # 

# # # # # # # # # # # # 
# X X X # . . . . . . # 
X X # X # . # # # # . # 
# # # X # . . . . # . # 
# X X X X # # # . # . # 
# # # # X # F # . # . # 
# . . # X # . # . # . # 
# # . # X # . # . # . # 
# . . . . . . . . # . # 
# # # # # # . # # # . # 
# . . . . . . # . . . # 
# # # # # # # # # # # # 

# # # # # # # # # # # # 
# X X X # . . . . . . # 
X X # X # . # # # # . # 
# # # X # . . . . # . # 
# X X X X # # # . # . # 
# # # # X # F # . # . # 
# . . # X # . # . # . # 
# # . # X # . # . # . # 
# . . . X . . . . # . # 
# # # # # # . # # # . # 
# . . . . . . # . . . # 
# # # # # # # # # # # # 

# # # # # # # # # # # # 
# X X X # . . . . . . # 
X X # X # . # # # # . # 
# # # X # . . . . # . # 
# X X X X # # # . # . # 
# # # # X # F # . # . # 
# . . # X # . # . # . # 
# # . # X # . # . # . # 
# . . X X . . . . # . # 
# # # # # # . # # # . # 
# . . . . . . # . . . # 
# # # # # # # # # # # # 

# # # # # # # # # # # # 
# X X X # . . . . . . # 
X X # X # . # # # # . # 
# # # X # . . . . # . # 
# X X X X # # # . # . # 
# # # # X # F # . # . # 
# . . # X # . # . # . # 
# # . # X # . # . # . # 
# . X X X . . . . # . # 
# # # # # # . # # # . # 
# . . . . . . # . . . # 
# # # # # # # # # # # # 

# # # # # # # # # # # # 
# X X X # . . . . . . # 
X X # X # . # # # # . # 
# # # X # . . . . # . # 
# X X X X # # # . # . # 
# # # # X # F # . # . # 
# . . # X # . # . # . # 
# # X # X # . # . # . # 
# . X X X . . . . # . # 
# # # # # # . # # # . # 
# . . . . . . # . . . # 
# # # # # # # # # # # # 

# # # # # # # # # # # # 
# X X X # . . . . . . # 
X X # X # . # # # # . # 
# # # X # . . . . # . # 
# X X X X # # # . # . # 
# # # # X # F # . # . # 
# . X # X # . # . # . # 
# # X # X # . # . # . # 
# . X X X . . . . # . # 
# # # # # # . # # # . # 
# . . . . . . # . . . # 
# # # # # # # # # # # # 

# # # # # # # # # # # # 
# X X X # . . . . . . # 
X X # X # . # # # # . # 
# # # X # . . . . # . # 
# X X X X # # # . # . # 
# # # # X # F # . # . # 
# . X # X # . # . # . # 
# # X # X # . # . # . # 
# . X X X . . . . # . # 
# # # # # # . # # # . # 
# . . . . . . # . . . # 
# # # # # # # # # # # # 

# # # # # # # # # # # # 
# X X X # . . . . . . # 
X X # X # . # # # # . # 
# # # X # . . . . # . # 
# X X X X # # # . # . # 
# # # # X # F # . # . # 
# X X # X # . # . # . # 
# # X # X # . # . # . # 
# . X X X . . . . # . # 
# # # # # # . # # # . # 
# . . . . . . # . . . # 
# # # # # # # # # # # # 

# # # # # # # # # # # # 
# X X X # . . . . . . # 
X X # X # . # # # # . # 
# # # X # . . . . # . # 
# X X X X # # # . # . # 
# # # # X # F # . # . # 
# X X # X # . # . # . # 
# # X # X # . # . # . # 
# . X X X . . . . # . # 
# # # # # # . # # # . # 
# . . . . . . # . . . # 
# # # # # # # # # # # # 

# # # # # # # # # # # # 
# X X X # . . . . . . # 
X X # X # . # # # # . # 
# # # X # . . . . # . # 
# X X X X # # # . # . # 
# # # # X # F # . # . # 
# X X # X # . # . # . # 
# # X # X # . # . # . # 
# . X X X . . . . # . # 
# # # # # # . # # # . # 
# . . . . . . # . . . # 
# # # # # # # # # # # # 

# # # # # # # # # # # # 
# X X X # . . . . . . # 
X X # X # . # # # # . # 
# # # X # . . . . # . # 
# X X X X # # # . # . # 
# # # # X # F # . # . # 
# X X # X # . # . # . # 
# # X # X # . # . # . # 
# . X X X . . . . # . # 
# # # # # # . # # # . # 
# . . . . . . # . . . # 
# # # # # # # # # # # # 

# # # # # # # # # # # # 
# X X X # . . . . . . # 
X X # X # . # # # # . # 
# # # X # . . . . # . # 
# X X X X # # # . # . # 
# # # # X # F # . # . # 
# X X # X # . # . # . # 
# # X # X # . # . # . # 
# . X X X . . . . # . # 
# # # # # # . # # # . # 
# . . . . . . # . . . # 
# # # # # # # # # # # # 

# # # # # # # # # # # # 
# X X X # . . . . . . # 
X X # X # . # # # # . # 
# # # X # . . . . # . # 
# X X X X # # # . # . # 
# # # # X # F # . # . # 
# X X # X # . # . # . # 
# # X # X # . # . # . # 
# . X X X . . . . # . # 
# # # # # # . # # # . # 
# . . . . . . # . . . # 
# # # # # # # # # # # # 

# # # # # # # # # # # # 
# X X X # . . . . . . # 
X X # X # . # # # # . # 
# # # X # . . . . # . # 
# X X X X # # # . # . # 
# # # # X # F # . # . # 
# X X # X # . # . # . # 
# # X # X # . # . # . # 
# X X X X . . . . # . # 
# # # # # # . # # # . # 
# . . . . . . # . . . # 
# # # # # # # # # # # # 

# # # # # # # # # # # # 
# X X X # . . . . . . # 
X X # X # . # # # # . # 
# # # X # . . . . # . # 
# X X X X # # # . # . # 
# # # # X # F # . # . # 
# X X # X # . # . # . # 
# # X # X # . # . # . # 
# X X X X . . . . # . # 
# # # # # # . # # # . # 
# . . . . . . # . . . # 
# # # # # # # # # # # # 

# # # # # # # # # # # # 
# X X X # . . . . . . # 
X X # X # . # # # # . # 
# # # X # . . . . # . # 
# X X X X # # # . # . # 
# # # # X # F # . # . # 
# X X # X # . # . # . # 
# # X # X # . # . # . # 
# X X X X . . . . # . # 
# # # # # # . # # # . # 
# . . . . . . # . . . # 
# # # # # # # # # # # # 

# # # # # # # # # # # # 
# X X X # . . . . . . # 
X X # X # . # # # # . # 
# # # X # . . . . # . # 
# X X X X # # # . # . # 
# # # # X # F # . # . # 
# X X # X # . # . # . # 
# # X # X # . # . # . # 
# X X X X . . . . # . # 
# # # # # # . # # # . # 
# . . . . . . # . . . # 
# # # # # # # # # # # # 

# # # # # # # # # # # # 
# X X X # . . . . . . # 
X X # X # . # # # # . # 
# # # X # . . . . # . # 
# X X X X # # # . # . # 
# # # # X # F # . # . # 
# X X # X # . # . # . # 
# # X # X # . # . # . # 
# X X X X . . . . # . # 
# # # # # # . # # # . # 
# . . . . . . # . . . # 
# # # # # # # # # # # # 

# # # # # # # # # # # # 
# X X X # . . . . . . # 
X X # X # . # # # # . # 
# # # X # . . . . # . # 
# X X X X # # # . # . # 
# # # # X # F # . # . # 
# X X # X # . # . # . # 
# # X # X # . # . # . # 
# X X X X . . . . # . # 
# # # # # # . # # # . # 
# . . . . . . # . . . # 
# # # # # # # # # # # # 

# # # # # # # # # # # # 
# X X X # . . . . . . # 
X X # X # . # # # # . # 
# # # X # . . . . # . # 
# X X X X # # # . # . # 
# # # # X # F # . # . # 
# X X # X # . # . # . # 
# # X # X # . # . # . # 
# X X X X X . . . # . # 
# # # # # # . # # # . # 
# . . . . . . # . . . # 
# # # # # # # # # # # # 

# # # # # # # # # # # # 
# X X X # . . . . . . # 
X X # X # . # # # # . # 
# # # X # . . . . # . # 
# X X X X # # # . # . # 
# # # # X # F # . # . # 
# X X # X # . # . # . # 
# # X # X # . # . # . # 
# X X X X X X . . # . # 
# # # # # # . # # # . # 
# . . . . . . # . . . # 
# # # # # # # # # # # # 

# # # # # # # # # # # # 
# X X X # . . . . . . # 
X X # X # . # # # # . # 
# # # X # . . . . # . # 
# X X X X # # # . # . # 
# # # # X # F # . # . # 
# X X # X # . # . # . # 
# # X # X # . # . # . # 
# X X X X X X . . # . # 
# # # # # # X # # # . # 
# . . . . . . # . . . # 
# # # # # # # # # # # # 

# # # # # # # # # # # # 
# X X X # . . . . . . # 
X X # X # . # # # # . # 
# # # X # . . . . # . # 
# X X X X # # # . # . # 
# # # # X # F # . # . # 
# X X # X # . # . # . # 
# # X # X # . # . # . # 
# X X X X X X . . # . # 
# # # # # # X # # # . # 
# . . . . . X # . . . # 
# # # # # # # # # # # # 

# # # # # # # # # # # # 
# X X X # . . . . . . # 
X X # X # . # # # # . # 
# # # X # . . . . # . # 
# X X X X # # # . # . # 
# # # # X # F # . # . # 
# X X # X # . # . # . # 
# # X # X # . # . # . # 
# X X X X X X . . # . # 
# # # # # # X # # # . # 
# . . . . X X # . . . # 
# # # # # # # # # # # # 

# # # # # # # # # # # # 
# X X X # . . . . . . # 
X X # X # . # # # # . # 
# # # X # . . . . # . # 
# X X X X # # # . # . # 
# # # # X # F # . # . # 
# X X # X # . # . # . # 
# # X # X # . # . # . # 
# X X X X X X . . # . # 
# # # # # # X # # # . # 
# . . . X X X # . . . # 
# # # # # # # # # # # # 

# # # # # # # # # # # # 
# X X X # . . . . . . # 
X X # X # . # # # # . # 
# # # X # . . . . # . # 
# X X X X # # # . # . # 
# # # # X # F # . # . # 
# X X # X # . # . # . # 
# # X # X # . # . # . # 
# X X X X X X . . # . # 
# # # # # # X # # # . # 
# . . X X X X # . . . # 
# # # # # # # # # # # # 

# # # # # # # # # # # # 
# X X X # . . . . . . # 
X X # X # . # # # # . # 
# # # X # . . . . # . # 
# X X X X # # # . # . # 
# # # # X # F # . # . # 
# X X # X # . # . # . # 
# # X # X # . # . # . # 
# X X X X X X . . # . # 
# # # # # # X # # # . # 
# . X X X X X # . . . # 
# # # # # # # # # # # # 

# # # # # # # # # # # # 
# X X X # . . . . . . # 
X X # X # . # # # # . # 
# # # X # . . . . # . # 
# X X X X # # # . # . # 
# # # # X # F # . # . # 
# X X # X # . # . # . # 
# # X # X # . # . # . # 
# X X X X X X . . # . # 
# # # # # # X # # # . # 
# X X X X X X # . . . # 
# # # # # # # # # # # # 

# # # # # # # # # # # # 
# X X X # . . . . . . # 
X X # X # . # # # # . # 
# # # X # . . . . # . # 
# X X X X # # # . # . # 
# # # # X # F # . # . # 
# X X # X # . # . # . # 
# # X # X # . # . # . # 
# X X X X X X . . # . # 
# # # # # # X # # # . # 
# X X X X X X # . . . # 
# # # # # # # # # # # # 

# # # # # # # # # # # # 
# X X X # . . . . . . # 
X X # X # . # # # # . # 
# # # X # . . . . # . # 
# X X X X # # # . # . # 
# # # # X # F # . # . # 
# X X # X # . # . # . # 
# # X # X # . # . # . # 
# X X X X X X . . # . # 
# # # # # # X # # # . # 
# X X X X X X # . . . # 
# # # # # # # # # # # # 

# # # # # # # # # # # # 
# X X X # . . . . . . # 
X X # X # . # # # # . # 
# # # X # . . . . # . # 
# X X X X # # # . # . # 
# # # # X # F # . # . # 
# X X # X # . # . # . # 
# # X # X # . # . # . # 
# X X X X X X . . # . # 
# # # # # # X # # # . # 
# X X X X X X # . . . # 
# # # # # # # # # # # # 

# # # # # # # # # # # # 
# X X X # . . . . . . # 
X X # X # . # # # # . # 
# # # X # . . . . # . # 
# X X X X # # # . # . # 
# # # # X # F # . # . # 
# X X # X # . # . # . # 
# # X # X # . # . # . # 
# X X X X X X . . # . # 
# # # # # # X # # # . # 
# X X X X X X # . . . # 
# # # # # # # # # # # # 

# # # # # # # # # # # # 
# X X X # . . . . . . # 
X X # X # . # # # # . # 
# # # X # . . . . # . # 
# X X X X # # # . # . # 
# # # # X # F # . # . # 
# X X # X # . # . # . # 
# # X # X # . # . # . # 
# X X X X X X . . # . # 
# # # # # # X # # # . # 
# X X X X X X # . . . # 
# # # # # # # # # # # # 

# # # # # # # # # # # # 
# X X X # . . . . . . # 
X X # X # . # # # # . # 
# # # X # . . . . # . # 
# X X X X # # # . # . # 
# # # # X # F # . # . # 
# X X # X # . # . # . # 
# # X # X # . # . # . # 
# X X X X X X . . # . # 
# # # # # # X # # # . # 
# X X X X X X # . . . # 
# # # # # # # # # # # # 

# # # # # # # # # # # # 
# X X X # . . . . . . # 
X X # X # . # # # # . # 
# # # X # . . . . # . # 
# X X X X # # # . # . # 
# # # # X # F # . # . # 
# X X # X # . # . # . # 
# # X # X # . # . # . # 
# X X X X X X . . # . # 
# # # # # # X # # # . # 
# X X X X X X # . . . # 
# # # # # # # # # # # # 

# # # # # # # # # # # # 
# X X X # . . . . . . # 
X X # X # . # # # # . # 
# # # X # . . . . # . # 
# X X X X # # # . # . # 
# # # # X # F # . # . # 
# X X # X # . # . # . # 
# # X # X # . # . # . # 
# X X X X X X . . # . # 
# # # # # # X # # # . # 
# X X X X X X # . . . # 
# # # # # # # # # # # # 

# # # # # # # # # # # # 
# X X X # . . . . . . # 
X X # X # . # # # # . # 
# # # X # . . . . # . # 
# X X X X # # # . # . # 
# # # # X # F # . # . # 
# X X # X # . # . # . # 
# # X # X # . # . # . # 
# X X X X X X . . # . # 
# # # # # # X # # # . # 
# X X X X X X # . . . # 
# # # # # # # # # # # # 

# # # # # # # # # # # # 
# X X X # . . . . . . # 
X X # X # . # # # # . # 
# # # X # . . . . # . # 
# X X X X # # # . # . # 
# # # # X # F # . # . # 
# X X # X # . # . # . # 
# # X # X # . # . # . # 
# X X X X X X . . # . # 
# # # # # # X # # # . # 
# X X X X X X # . . . # 
# # # # # # # # # # # # 

# # # # # # # # # # # # 
# X X X # . . . . . . # 
X X # X # . # # # # . # 
# # # X # . . . . # . # 
# X X X X # # # . # . # 
# # # # X # F # . # . # 
# X X # X # . # . # . # 
# # X # X # . # . # . # 
# X X X X X X X . # . # 
# # # # # # X # # # . # 
# X X X X X X # . . . # 
# # # # # # # # # # # # 

# # # # # # # # # # # # 
# X X X # . . . . . . # 
X X # X # . # # # # . # 
# # # X # . . . . # . # 
# X X X X # # # . # . # 
# # # # X # F # . # . # 
# X X # X # . # . # . # 
# # X # X # . # . # . # 
# X X X X X X X X # . # 
# # # # # # X # # # . # 
# X X X X X X # . . . # 
# # # # # # # # # # # # 

# # # # # # # # # # # # 
# X X X # . . . . . . # 
X X # X # . # # # # . # 
# # # X # . . . . # . # 
# X X X X # # # . # . # 
# # # # X # F # . # . # 
# X X # X # . # . # . # 
# # X # X # . # . # . # 
# X X X X X X X X # . # 
# # # # # # X # # # . # 
# X X X X X X # . . . # 
# # # # # # # # # # # # 

# # # # # # # # # # # # 
# X X X # . . . . . . # 
X X # X # . # # # # . # 
# # # X # . . . . # . # 
# X X X X # # # . # . # 
# # # # X # F # . # . # 
# X X # X # . # . # . # 
# # X # X # . # X # . # 
# X X X X X X X X # . # 
# # # # # # X # # # . # 
# X X X X X X # . . . # 
# # # # # # # # # # # # 

# # # # # # # # # # # # 
# X X X # . . . . . . # 
X X # X # . # # # # . # 
# # # X # . . . . # . # 
# X X X X # # # . # . # 
# # # # X # F # . # . # 
# X X # X # . # X # . # 
# # X # X # . # X # . # 
# X X X X X X X X # . # 
# # # # # # X # # # . # 
# X X X X X X # . . . # 
# # # # # # # # # # # # 

# # # # # # # # # # # # 
# X X X # . . . . . . # 
X X # X # . # # # # . # 
# # # X # . . . . # . # 
# X X X X # # # . # . # 
# # # # X # F # X # . # 
# X X # X # . # X # . # 
# # X # X # . # X # . # 
# X X X X X X X X # . # 
# # # # # # X # # # . # 
# X X X X X X # . . . # 
# # # # # # # # # # # # 

# # # # # # # # # # # # 
# X X X # . . . . . . # 
X X # X # . # # # # . # 
# # # X # . . . . # . # 
# X X X X # # # X # . # 
# # # # X # F # X # . # 
# X X # X # . # X # . # 
# # X # X # . # X # . # 
# X X X X X X X X # . # 
# # # # # # X # # # . # 
# X X X X X X # . . . # 
# # # # # # # # # # # # 

# # # # # # # # # # # # 
# X X X # . . . . . . # 
X X # X # . # # # # . # 
# # # X # . . . X # . # 
# X X X X # # # X # . # 
# # # # X # F # X # . # 
# X X # X # . # X # . # 
# # X # X # . # X # . # 
# X X X X X X X X # . # 
# # # # # # X # # # . # 
# X X X X X X # . . . # 
# # # # # # # # # # # # 

# # # # # # # # # # # # 
# X X X # . . . . . . # 
X X # X # . # # # # . # 
# # # X # . . . X # . # 
# X X X X # # # X # . # 
# # # # X # F # X # . # 
# X X # X # . # X # . # 
# # X # X # . # X # . # 
# X X X X X X X X # . # 
# # # # # # X # # # . # 
# X X X X X X # . . . # 
# # # # # # # # # # # # 

# # # # # # # # # # # # 
# X X X # . . . . . . # 
X X # X # . # # # # . # 
# # # X # . . X X # . # 
# X X X X # # # X # . # 
# # # # X # F # X # . # 
# X X # X # . # X # . # 
# # X # X # . # X # . # 
# X X X X X X X X # . # 
# # # # # # X # # # . # 
# X X X X X X # . . . # 
# # # # # # # # # # # # 

# # # # # # # # # # # # 
# X X X # . . . . . . # 
X X # X # . # # # # . # 
# # # X # . X X X # . # 
# X X X X # # # X # . # 
# # # # X # F # X # . # 
# X X # X # . # X # . # 
# # X # X # . # X # . # 
# X X X X X X X X # . # 
# # # # # # X # # # . # 
# X X X X X X # . . . # 
# # # # # # # # # # # # 

# # # # # # # # # # # # 
# X X X # . . . . . . # 
X X # X # . # # # # . # 
# # # X # X X X X # . # 
# X X X X # # # X # . # 
# # # # X # F # X # . # 
# X X # X # . # X # . # 
# # X # X # . # X # . # 
# X X X X X X X X # . # 
# # # # # # X # # # . # 
# X X X X X X # . . . # 
# # # # # # # # # # # # 

# # # # # # # # # # # # 
# X X X # . . . . . . # 
X X # X # X # # # # . # 
# # # X # X X X X # . # 
# X X X X # # # X # . # 
# # # # X # F # X # . # 
# X X # X # . # X # . # 
# # X # X # . # X # . # 
# X X X X X X X X # . # 
# # # # # # X # # # . # 
# X X X X X X # . . . # 
# # # # # # # # # # # # 

# # # # # # # # # # # # 
# X X X # X . . . . . # 
X X # X # X # # # # . # 
# # # X # X X X X # . # 
# X X X X # # # X # . # 
# # # # X # F # X # . # 
# X X # X # . # X # . # 
# # X # X # . # X # . # 
# X X X X X X X X # . # 
# # # # # # X # # # . # 
# X X X X X X # . . . # 
# # # # # # # # # # # # 

# # # # # # # # # # # # 
# X X X # X X . . . . # 
X X # X # X # # # # . # 
# # # X # X X X X # . # 
# X X X X # # # X # . # 
# # # # X # F # X # . # 
# X X # X # . # X # . # 
# # X # X # . # X # . # 
# X X X X X X X X # . # 
# # # # # # X # # # . # 
# X X X X X X # . . . # 
# # # # # # # # # # # # 

# # # # # # # # # # # # 
# X X X # X X X . . . # 
X X # X # X # # # # . # 
# # # X # X X X X # . # 
# X X X X # # # X # . # 
# # # # X # F # X # . # 
# X X # X # . # X # . # 
# # X # X # . # X # . # 
# X X X X X X X X # . # 
# # # # # # X # # # . # 
# X X X X X X # . . . # 
# # # # # # # # # # # # 

# # # # # # # # # # # # 
# X X X # X X X X . . # 
X X # X # X # # # # . # 
# # # X # X X X X # . # 
# X X X X # # # X # . # 
# # # # X # F # X # . # 
# X X # X # . # X # . # 
# # X # X # . # X # . # 
# X X X X X X X X # . # 
# # # # # # X # # # . # 
# X X X X X X # . . . # 
# # # # # # # # # # # # 

# # # # # # # # # # # # 
# X X X # X X X X X . # 
X X # X # X # # # # . # 
# # # X # X X X X # . # 
# X X X X # # # X # . # 
# # # # X # F # X # . # 
# X X # X # . # X # . # 
# # X # X # . # X # . # 
# X X X X X X X X # . # 
# # # # # # X # # # . # 
# X X X X X X # . . . # 
# # # # # # # # # # # # 

# # # # # # # # # # # # 
# X X X # X X X X X X # 
X X # X # X # # # # . # 
# # # X # X X X X # . # 
# X X X X # # # X # . # 
# # # # X # F # X # . # 
# X X # X # . # X # . # 
# # X # X # . # X # . # 
# X X X X X X X X # . # 
# # # # # # X # # # . # 
# X X X X X X # . . . # 
# # # # # # # # # # # # 

# # # # # # # # # # # # 
# X X X # X X X X X X # 
X X # X # X # # # # X # 
# # # X # X X X X # . # 
# X X X X # # # X # . # 
# # # # X # F # X # . # 
# X X # X # . # X # . # 
# # X # X # . # X # . # 
# X X X X X X X X # . # 
# # # # # # X # # # . # 
# X X X X X X # . . . # 
# # # # # # # # # # # # 

# # # # # # # # # # # # 
# X X X # X X X X X X # 
X X # X # X # # # # X # 
# # # X # X X X X # X # 
# X X X X # # # X # . # 
# # # # X # F # X # . # 
# X X # X # . # X # . # 
# # X # X # . # X # . # 
# X X X X X X X X # . # 
# # # # # # X # # # . # 
# X X X X X X # . . . # 
# # # # # # # # # # # # 

# # # # # # # # # # # # 
# X X X # X X X X X X # 
X X # X # X # # # # X # 
# # # X # X X X X # X # 
# X X X X # # # X # X # 
# # # # X # F # X # . # 
# X X # X # . # X # . # 
# # X # X # . # X # . # 
# X X X X X X X X # . # 
# # # # # # X # # # . # 
# X X X X X X # . . . # 
# # # # # # # # # # # # 

# # # # # # # # # # # # 
# X X X # X X X X X X # 
X X # X # X # # # # X # 
# # # X # X X X X # X # 
# X X X X # # # X # X # 
# # # # X # F # X # X # 
# X X # X # . # X # . # 
# # X # X # . # X # . # 
# X X X X X X X X # . # 
# # # # # # X # # # . # 
# X X X X X X # . . . # 
# # # # # # # # # # # # 

# # # # # # # # # # # # 
# X X X # X X X X X X # 
X X # X # X # # # # X # 
# # # X # X X X X # X # 
# X X X X # # # X # X # 
# # # # X # F # X # X # 
# X X # X # . # X # X # 
# # X # X # . # X # . # 
# X X X X X X X X # . # 
# # # # # # X # # # . # 
# X X X X X X # . . . # 
# # # # # # # # # # # # 

# # # # # # # # # # # # 
# X X X # X X X X X X # 
X X # X # X # # # # X # 
# # # X # X X X X # X # 
# X X X X # # # X # X # 
# # # # X # F # X # X # 
# X X # X # . # X # X # 
# # X # X # . # X # X # 
# X X X X X X X X # . # 
# # # # # # X # # # . # 
# X X X X X X # . . . # 
# # # # # # # # # # # # 

# # # # # # # # # # # # 
# X X X # X X X X X X # 
X X # X # X # # # # X # 
# # # X # X X X X # X # 
# X X X X # # # X # X # 
# # # # X # F # X # X # 
# X X # X # . # X # X # 
# # X # X # . # X # X # 
# X X X X X X X X # X # 
# # # # # # X # # # . # 
# X X X X X X # . . . # 
# # # # # # # # # # # # 

# # # # # # # # # # # # 
# X X X # X X X X X X # 
X X # X # X # # # # X # 
# # # X # X X X X # X # 
# X X X X # # # X # X # 
# # # # X # F # X # X # 
# X X # X # . # X # X # 
# # X # X # . # X # X # 
# X X X X X X X X # X # 
# # # # # # X # # # X # 
# X X X X X X # . . . # 
# # # # # # # # # # # # 

# # # # # # # # # # # # 
# X X X # X X X X X X # 
X X # X # X # # # # X # 
# # # X # X X X X # X # 
# X X X X # # # X # X # 
# # # # X # F # X # X # 
# X X # X # . # X # X # 
# # X # X # . # X # X # 
# X X X X X X X X # X # 
# # # # # # X # # # X # 
# X X X X X X # . . X # 
# # # # # # # # # # # # 

# # # # # # # # # # # # 
# X X X # X X X X X X # 
X X # X # X # # # # X # 
# # # X # X X X X # X # 
# X X X X # # # X # X # 
# # # # X # F # X # X # 
# X X # X # . # X # X # 
# # X # X # . # X # X # 
# X X X X X X X X # X # 
# # # # # # X # # # X # 
# X X X X X X # . X X # 
# # # # # # # # # # # # 

# # # # # # # # # # # # 
# X X X # X X X X X X # 
X X # X # X # # # # X # 
# # # X # X X X X # X # 
# X X X X # # # X # X # 
# # # # X # F # X # X # 
# X X # X # . # X # X # 
# # X # X # . # X # X # 
# X X X X X X X X # X # 
# # # # # # X # # # X # 
# X X X X X X # X X X # 
# # # # # # # # # # # # 

# # # # # # # # # # # # 
# X X X # X X X X X X # 
X X # X # X # # # # X # 
# # # X # X X X X # X # 
# X X X X # # # X # X # 
# # # # X # F # X # X # 
# X X # X # . # X # X # 
# # X # X # . # X # X # 
# X X X X X X X X # X # 
# # # # # # X # # # X # 
# X X X X X X # X X X # 
# # # # # # # # # # # # 

# # # # # # # # # # # # 
# X X X # X X X X X X # 
X X # X # X # # # # X # 
# # # X # X X X X # X # 
# X X X X # # # X # X # 
# # # # X # F # X # X # 
# X X # X # . # X # X # 
# # X # X # . # X # X # 
# X X X X X X X X # X # 
# # # # # # X # # # X # 
# X X X X X X # X X X # 
# # # # # # # # # # # # 

# # # # # # # # # # # # 
# X X X # X X X X X X # 
X X # X # X # # # # X # 
# # # X # X X X X # X # 
# X X X X # # # X # X # 
# # # # X # F # X # X # 
# X X # X # . # X # X # 
# # X # X # . # X # X # 
# X X X X X X X X # X # 
# # # # # # X # # # X # 
# X X X X X X # X X X # 
# # # # # # # # # # # # 

# # # # # # # # # # # # 
# X X X # X X X X X X # 
X X # X # X # # # # X # 
# # # X # X X X X # X # 
# X X X X # # # X # X # 
# # # # X # F # X # X # 
# X X # X # . # X # X # 
# # X # X # . # X # X # 
# X X X X X X X X # X # 
# # # # # # X # # # X # 
# X X X X X X # X X X # 
# # # # # # # # # # # # 

# # # # # # # # # # # # 
# X X X # X X X X X X # 
X X # X # X # # # # X # 
# # # X # X X X X # X # 
# X X X X # # # X # X # 
# # # # X # F # X # X # 
# X X # X # . # X # X # 
# # X # X # . # X # X # 
# X X X X X X X X # X # 
# # # # # # X # # # X # 
# X X X X X X # X X X # 
# # # # # # # # # # # # 

# # # # # # # # # # # # 
# X X X # X X X X X X # 
X X # X # X # # # # X # 
# # # X # X X X X # X # 
# X X X X # # # X # X # 
# # # # X # F # X # X # 
# X X # X # . # X # X # 
# # X # X # . # X # X # 
# X X X X X X X X # X # 
# # # # # # X # # # X # 
# X X X X X X # X X X # 
# # # # # # # # # # # # 

# # # # # # # # # # # # 
# X X X # X X X X X X # 
X X # X # X # # # # X # 
# # # X # X X X X # X # 
# X X X X # # # X # X # 
# # # # X # F # X # X # 
# X X # X # . # X # X # 
# # X # X # . # X # X # 
# X X X X X X X X # X # 
# # # # # # X # # # X # 
# X X X X X X # X X X # 
# # # # # # # # # # # # 

# # # # # # # # # # # # 
# X X X # X X X X X X # 
X X # X # X # # # # X # 
# # # X # X X X X # X # 
# X X X X # # # X # X # 
# # # # X # F # X # X # 
# X X # X # . # X # X # 
# # X # X # . # X # X # 
# X X X X X X X X # X # 
# # # # # # X # # # X # 
# X X X X X X # X X X # 
# # # # # # # # # # # # 

# # # # # # # # # # # # 
# X X X # X X X X X X # 
X X # X # X # # # # X # 
# # # X # X X X X # X # 
# X X X X # # # X # X # 
# # # # X # F # X # X # 
# X X # X # . # X # X # 
# # X # X # . # X # X # 
# X X X X X X X X # X # 
# # # # # # X # # # X # 
# X X X X X X # X X X # 
# # # # # # # # # # # # 

# # # # # # # # # # # # 
# X X X # X X X X X X # 
X X # X # X # # # # X # 
# # # X # X X X X # X # 
# X X X X # # # X # X # 
# # # # X # F # X # X # 
# X X # X # . # X # X # 
# # X # X # . # X # X # 
# X X X X X X X X # X # 
# # # # # # X # # # X # 
# X X X X X X # X X X # 
# # # # # # # # # # # # 

# # # # # # # # # # # # 
# X X X # X X X X X X # 
X X # X # X # # # # X # 
# # # X # X X X X # X # 
# X X X X # # # X # X # 
# # # # X # F # X # X # 
# X X # X # . # X # X # 
# # X # X # . # X # X # 
# X X X X X X X X # X # 
# # # # # # X # # # X # 
# X X X X X X # X X X # 
# # # # # # # # # # # # 

# # # # # # # # # # # # 
# X X X # X X X X X X # 
X X # X # X # # # # X # 
# # # X # X X X X # X # 
# X X X X # # # X # X # 
# # # # X # F # X # X # 
# X X # X # . # X # X # 
# # X # X # . # X # X # 
# X X X X X X X X # X # 
# # # # # # X # # # X # 
# X X X X X X # X X X # 
# # # # # # # # # # # # 

# # # # # # # # # # # # 
# X X X # X X X X X X # 
X X # X # X # # # # X # 
# # # X # X X X X # X # 
# X X X X # # # X # X # 
# # # # X # F # X # X # 
# X X # X # . # X # X # 
# # X # X # . # X # X # 
# X X X X X X X X # X # 
# # # # # # X # # # X # 
# X X X X X X # X X X # 
# # # # # # # # # # # # 

# # # # # # # # # # # # 
# X X X # X X X X X X # 
X X # X # X # # # # X # 
# # # X # X X X X # X # 
# X X X X # # # X # X # 
# # # # X # F # X # X # 
# X X # X # . # X # X # 
# # X # X # . # X # X # 
# X X X X X X X X # X # 
# # # # # # X # # # X # 
# X X X X X X # X X X # 
# # # # # # # # # # # # 

# # # # # # # # # # # # 
# X X X # X X X X X X # 
X X # X # X # # # # X # 
# # # X # X X X X # X # 
# X X X X # # # X # X # 
# # # # X # F # X # X # 
# X X # X # . # X # X # 
# # X # X # . # X # X # 
# X X X X X X X X # X # 
# # # # # # X # # # X # 
# X X X X X X # X X X # 
# # # # # # # # # # # # 

# # # # # # # # # # # # 
# X X X # X X X X X X # 
X X # X # X # # # # X # 
# # # X # X X X X # X # 
# X X X X # # # X # X # 
# # # # X # F # X # X # 
# X X # X # . # X # X # 
# # X # X # . # X # X # 
# X X X X X X X X # X # 
# # # # # # X # # # X # 
# X X X X X X # X X X # 
# # # # # # # # # # # # 

# # # # # # # # # # # # 
# X X X # X X X X X X # 
X X # X # X # # # # X # 
# # # X # X X X X # X # 
# X X X X # # # X # X # 
# # # # X # F # X # X # 
# X X # X # . # X # X # 
# # X # X # . # X # X # 
# X X X X X X X X # X # 
# # # # # # X # # # X # 
# X X X X X X # X X X # 
# # # # # # # # # # # # 

# # # # # # # # # # # # 
# X X X # X X X X X X # 
X X # X # X # # # # X # 
# # # X # X X X X # X # 
# X X X X # # # X # X # 
# # # # X # F # X # X # 
# X X # X # . # X # X # 
# # X # X # . # X # X # 
# X X X X X X X X # X # 
# # # # # # X # # # X # 
# X X X X X X # X X X # 
# # # # # # # # # # # # 

# # # # # # # # # # # # 
# X X X # X X X X X X # 
X X # X # X # # # # X # 
# # # X # X X X X # X # 
# X X X X # # # X # X # 
# # # # X # F # X # X # 
# X X # X # . # X # X # 
# # X # X # . # X # X # 
# X X X X X X X X # X # 
# # # # # # X # # # X # 
# X X X X X X # X X X # 
# # # # # # # # # # # # 

# # # # # # # # # # # # 
# X X X # X X X X X X # 
X X # X # X # # # # X # 
# # # X # X X X X # X # 
# X X X X # # # X # X # 
# # # # X # F # X # X # 
# X X # X # . # X # X # 
# # X # X # . # X # X # 
# X X X X X X X X # X # 
# # # # # # X # # # X # 
# X X X X X X # X X X # 
# # # # # # # # # # # # 

# # # # # # # # # # # # 
# X X X # X X X X X X # 
X X # X # X # # # # X # 
# # # X # X X X X # X # 
# X X X X # # # X # X # 
# # # # X # F # X # X # 
# X X # X # . # X # X # 
# # X # X # . # X # X # 
# X X X X X X X X # X # 
# # # # # # X # # # X # 
# X X X X X X # X X X # 
# # # # # # # # # # # # 

# # # # # # # # # # # # 
# X X X # X X X X X X # 
X X # X # X # # # # X # 
# # # X # X X X X # X # 
# X X X X # # # X # X # 
# # # # X # F # X # X # 
# X X # X # . # X # X # 
# # X # X # . # X # X # 
# X X X X X X X X # X # 
# # # # # # X # # # X # 
# X X X X X X # X X X # 
# # # # # # # # # # # # 

# # # # # # # # # # # # 
# X X X # X X X X X X # 
X X # X # X # # # # X # 
# # # X # X X X X # X # 
# X X X X # # # X # X # 
# # # # X # F # X # X # 
# X X # X # . # X # X # 
# # X # X # . # X # X # 
# X X X X X X X X # X # 
# # # # # # X # # # X # 
# X X X X X X # X X X # 
# # # # # # # # # # # # 

# # # # # # # # # # # # 
# X X X # X X X X X X # 
X X # X # X # # # # X # 
# # # X # X X X X # X # 
# X X X X # # # X # X # 
# # # # X # F # X # X # 
# X X # X # . # X # X # 
# # X # X # . # X # X # 
# X X X X X X X X # X # 
# # # # # # X # # # X # 
# X X X X X X # X X X # 
# # # # # # # # # # # # 

# # # # # # # # # # # # 
# X X X # X X X X X X # 
X X # X # X # # # # X # 
# # # X # X X X X # X # 
# X X X X # # # X # X # 
# # # # X # F # X # X # 
# X X # X # . # X # X # 
# # X # X # . # X # X # 
# X X X X X X X X # X # 
# # # # # # X # # # X # 
# X X X X X X # X X X # 
# # # # # # # # # # # # 

# # # # # # # # # # # # 
# X X X # X X X X X X # 
X X # X # X # # # # X # 
# # # X # X X X X # X # 
# X X X X # # # X # X # 
# # # # X # F # X # X # 
# X X # X # . # X # X # 
# # X # X # . # X # X # 
# X X X X X X X X # X # 
# # # # # # X # # # X # 
# X X X X X X # X X X # 
# # # # # # # # # # # # 

# # # # # # # # # # # # 
# X X X # X X X X X X # 
X X # X # X # # # # X # 
# # # X # X X X X # X # 
# X X X X # # # X # X # 
# # # # X # F # X # X # 
# X X # X # . # X # X # 
# # X # X # . # X # X # 
# X X X X X X X X # X # 
# # # # # # X # # # X # 
# X X X X X X # X X X # 
# # # # # # # # # # # # 

# # # # # # # # # # # # 
# X X X # X X X X X X # 
X X # X # X # # # # X # 
# # # X # X X X X # X # 
# X X X X # # # X # X # 
# # # # X # F # X # X # 
# X X # X # . # X # X # 
# # X # X # . # X # X # 
# X X X X X X X X # X # 
# # # # # # X # # # X # 
# X X X X X X # X X X # 
# # # # # # # # # # # # 

# # # # # # # # # # # # 
# X X X # X X X X X X # 
X X # X # X # # # # X # 
# # # X # X X X X # X # 
# X X X X # # # X # X # 
# # # # X # F # X # X # 
# X X # X # . # X # X # 
# # X # X # . # X # X # 
# X X X X X X X X # X # 
# # # # # # X # # # X # 
# X X X X X X # X X X # 
# # # # # # # # # # # # 

# # # # # # # # # # # # 
# X X X # X X X X X X # 
X X # X # X # # # # X # 
# # # X # X X X X # X # 
# X X X X # # # X # X # 
# # # # X # F # X # X # 
# X X # X # . # X # X # 
# # X # X # . # X # X # 
# X X X X X X X X # X # 
# # # # # # X # # # X # 
# X X X X X X # X X X # 
# # # # # # # # # # # # 

# # # # # # # # # # # # 
# X X X # X X X X X X # 
X X # X # X # # # # X # 
# # # X # X X X X # X # 
# X X X X # # # X # X # 
# # # # X # F # X # X # 
# X X # X # . # X # X # 
# # X # X # . # X # X # 
# X X X X X X X X # X # 
# # # # # # X # # # X # 
# X X X X X X # X X X # 
# # # # # # # # # # # # 

# # # # # # # # # # # # 
# X X X # X X X X X X # 
X X # X # X # # # # X # 
# # # X # X X X X # X # 
# X X X X # # # X # X # 
# # # # X # F # X # X # 
# X X # X # . # X # X # 
# # X # X # . # X # X # 
# X X X X X X X X # X # 
# # # # # # X # # # X # 
# X X X X X X # X X X # 
# # # # # # # # # # # # 

# # # # # # # # # # # # 
# X X X # X X X X X X # 
X X # X # X # # # # X # 
# # # X # X X X X # X # 
# X X X X # # # X # X # 
# # # # X # F # X # X # 
# X X # X # . # X # X # 
# # X # X # . # X # X # 
# X X X X X X X X # X # 
# # # # # # X # # # X # 
# X X X X X X # X X X # 
# # # # # # # # # # # # 

# # # # # # # # # # # # 
# X X X # X X X X X X # 
X X # X # X # # # # X # 
# # # X # X X X X # X # 
# X X X X # # # X # X # 
# # # # X # F # X # X # 
# X X # X # . # X # X # 
# # X # X # . # X # X # 
# X X X X X X X X # X # 
# # # # # # X # # # X # 
# X X X X X X # X X X # 
# # # # # # # # # # # # 

# # # # # # # # # # # # 
# X X X # X X X X X X # 
X X # X # X # # # # X # 
# # # X # X X X X # X # 
# X X X X # # # X # X # 
# # # # X # F # X # X # 
# X X # X # . # X # X # 
# # X # X # X # X # X # 
# X X X X X X X X # X # 
# # # # # # X # # # X # 
# X X X X X X # X X X # 
# # # # # # # # # # # # 

# # # # # # # # # # # # 
# X X X # X X X X X X # 
X X # X # X # # # # X # 
# # # X # X X X X # X # 
# X X X X # # # X # X # 
# # # # X # F # X # X # 
# X X # X # X # X # X # 
# # X # X # X # X # X # 
# X X X X X X X X # X # 
# # # # # # X # # # X # 
# X X X X X X # X X X # 
# # # # # # # # # # # # 
Exit found! Program ending...
