Inserting Initial Values
0: 450
1: 200
2: 249
3: 
4: 
5: 
6: 
7: 
8: 
9: 
10: 
11: 
12: 
13: 
14: 
15: 
16: 
17: 
18: 
19: 
20: 
21: 
22: 672
23: 
24: 
25: 
26: 
27: 
28: 
29: 
30: 
31: 
32: 
33: 
34: 
35: 
36: 
37: 
38: 
39: 
40: 40
41: 90
42: 
43: 
44: 
45: 
46: 
47: 
48: 
49: 799

Inserting 30 random Values
0: 450
1: 200
2: 249
3: 850
4: 4
5: 149
6: 154
7: 753
8: 450
9: 159
10: 407
11: 
12: 
13: 
14: 714
15: 265
16: 265
17: 817
18: 768
19: 716
20: 620
21: 871
22: 672
23: 872
24: 874
25: 675
26: 573
27: 574
28: 274
29: 922
30: 528
31: 
32: 
33: 633
34: 233
35: 
36: 
37: 387
38: 38
39: 
40: 40
41: 90
42: 
43: 
44: 44
45: 945
46: 
47: 
48: 
49: 799

Collision Frequencies:
0: *****
1: ****
2: ***
3: ***
4: ****
5: ***
6: **
7: **
8: *
9: *
10: 
11: 
12: 
13: 
14: 
15: *
16: *
17: *
18: *
19: 
20: 
21: 
22: **
23: **
24: ****
25: ****
26: ***
27: **
28: **
29: *
30: 
31: 
32: 
33: *
34: 
35: 
36: 
37: 
38: 
39: 
40: *
41: 
42: 
43: 
44: 
45: 
46: 
47: 
48: 
49: **

90 is located at index 41
55555 is located at index -1
