   35   40   18   38   20
    9   21    1   31   24
   16   36   ❌    8   30
   14    6   33    3   25
   10   13   11   15   22

Press enter to roll

Number rolled: 19
   35   40   18   38   20
    9   21    1   31   24
   16   36   ❌    8   30
   14    6   33    3   25
   10   13   11   15   22

Press enter to roll

Number rolled: 43
   35   40   18   38   20
    9   21    1   31   24
   16   36   ❌    8   30
   14    6   33    3   25
   10   13   11   15   22

Press enter to roll

Number rolled: 34
   35   40   18   38   20
    9   21    1   31   24
   16   36   ❌    8   30
   14    6   33    3   25
   10   13   11   15   22

Press enter to roll

Number rolled: 2
   35   40   18   38   20
    9   21    1   31   24
   16   36   ❌    8   30
   14    6   33    3   25
   10   13   11   15   22

Press enter to roll

Number rolled: 5
   35   40   18   38   20
    9   21    1   31   24
   16   36   ❌    8   30
   14    6   33    3   25
   10   13   11   15   22

Press enter to roll

Number rolled: 45
   35   40   18   38   20
    9   21    1   31   24
   16   36   ❌    8   30
   14    6   33    3   25
   10   13   11   15   22

Press enter to roll

Number rolled: 26
   35   40   18   38   20
    9   21    1   31   24
   16   36   ❌    8   30
   14    6   33    3   25
   10   13   11   15   22

Press enter to roll

Number rolled: 2
   35   40   18   38   20
    9   21    1   31   24
   16   36   ❌    8   30
   14    6   33    3   25
   10   13   11   15   22

Press enter to roll

Number rolled: 6
   35   40   18   38   20
    9   21    1   31   24
   16   36   ❌    8   30
   14   ❌   33    3   25
   10   13   11   15   22

Press enter to roll

Number rolled: 3
   35   40   18   38   20
    9   21    1   31   24
   16   36   ❌    8   30
   14   ❌   33   ❌   25
   10   13   11   15   22

Press enter to roll

Number rolled: 28
   35   40   18   38   20
    9   21    1   31   24
   16   36   ❌    8   30
   14   ❌   33   ❌   25
   10   13   11   15   22

Press enter to roll

Number rolled: 34
   35   40   18   38   20
    9   21    1   31   24
   16   36   ❌    8   30
   14   ❌   33   ❌   25
   10   13   11   15   22

Press enter to roll

Number rolled: 33
   35   40   18   38   20
    9   21    1   31   24
   16   36   ❌    8   30
   14   ❌   ❌   ❌   25
   10   13   11   15   22

Press enter to roll

Number rolled: 3
   35   40   18   38   20
    9   21    1   31   24
   16   36   ❌    8   30
   14   ❌   ❌   ❌   25
   10   13   11   15   22

Press enter to roll

Number rolled: 36
   35   40   18   38   20
    9   21    1   31   24
   16   ❌   ❌    8   30
   14   ❌   ❌   ❌   25
   10   13   11   15   22

Press enter to roll

Number rolled: 7
   35   40   18   38   20
    9   21    1   31   24
   16   ❌   ❌    8   30
   14   ❌   ❌   ❌   25
   10   13   11   15   22

Press enter to roll

Number rolled: 4
   35   40   18   38   20
    9   21    1   31   24
   16   ❌   ❌    8   30
   14   ❌   ❌   ❌   25
   10   13   11   15   22

Press enter to roll

Number rolled: 13
   35   40   18   38   20
    9   21    1   31   24
   16   ❌   ❌    8   30
   14   ❌   ❌   ❌   25
   10   ❌   11   15   22

Press enter to roll

Number rolled: 21
   35   40   18   38   20
    9   ❌    1   31   24
   16   ❌   ❌    8   30
   14   ❌   ❌   ❌   25
   10   ❌   11   15   22

Press enter to roll

Number rolled: 1
   35   40   18   38   20
    9   ❌   ❌   31   24
   16   ❌   ❌    8   30
   14   ❌   ❌   ❌   25
   10   ❌   11   15   22

Press enter to roll

Number rolled: 3
   35   40   18   38   20
    9   ❌   ❌   31   24
   16   ❌   ❌    8   30
   14   ❌   ❌   ❌   25
   10   ❌   11   15   22

Press enter to roll

Number rolled: 4
   35   40   18   38   20
    9   ❌   ❌   31   24
   16   ❌   ❌    8   30
   14   ❌   ❌   ❌   25
   10   ❌   11   15   22

Press enter to roll

Number rolled: 1
   35   40   18   38   20
    9   ❌   ❌   31   24
   16   ❌   ❌    8   30
   14   ❌   ❌   ❌   25
   10   ❌   11   15   22

Press enter to roll

Number rolled: 12
   35   40   18   38   20
    9   ❌   ❌   31   24
   16   ❌   ❌    8   30
   14   ❌   ❌   ❌   25
   10   ❌   11   15   22

Press enter to roll

Number rolled: 10
   35   40   18   38   20
    9   ❌   ❌   31   24
   16   ❌   ❌    8   30
   14   ❌   ❌   ❌   25
   ❌   ❌   11   15   22

Press enter to roll

Number rolled: 16
   35   40   18   38   20
    9   ❌   ❌   31   24
   ❌   ❌   ❌    8   30
   14   ❌   ❌   ❌   25
   ❌   ❌   11   15   22

Press enter to roll

Number rolled: 28
   35   40   18   38   20
    9   ❌   ❌   31   24
   ❌   ❌   ❌    8   30
   14   ❌   ❌   ❌   25
   ❌   ❌   11   15   22

Press enter to roll

Number rolled: 22
   35   40   18   38   20
    9   ❌   ❌   31   24
   ❌   ❌   ❌    8   30
   14   ❌   ❌   ❌   25
   ❌   ❌   11   15   ❌

Press enter to roll

Number rolled: 37
   35   40   18   38   20
    9   ❌   ❌   31   24
   ❌   ❌   ❌    8   30
   14   ❌   ❌   ❌   25
   ❌   ❌   11   15   ❌

Press enter to roll

Number rolled: 26
   35   40   18   38   20
    9   ❌   ❌   31   24
   ❌   ❌   ❌    8   30
   14   ❌   ❌   ❌   25
   ❌   ❌   11   15   ❌

Press enter to roll

Number rolled: 21
   35   40   18   38   20
    9   ❌   ❌   31   24
   ❌   ❌   ❌    8   30
   14   ❌   ❌   ❌   25
   ❌   ❌   11   15   ❌

Press enter to roll

Number rolled: 37
   35   40   18   38   20
    9   ❌   ❌   31   24
   ❌   ❌   ❌    8   30
   14   ❌   ❌   ❌   25
   ❌   ❌   11   15   ❌

Press enter to roll

Number rolled: 14
   35   40   18   38   20
    9   ❌   ❌   31   24
   ❌   ❌   ❌    8   30
   ❌   ❌   ❌   ❌   25
   ❌   ❌   11   15   ❌

Press enter to roll

Number rolled: 27
   35   40   18   38   20
    9   ❌   ❌   31   24
   ❌   ❌   ❌    8   30
   ❌   ❌   ❌   ❌   25
   ❌   ❌   11   15   ❌

Press enter to roll

Number rolled: 36
   35   40   18   38   20
    9   ❌   ❌   31   24
   ❌   ❌   ❌    8   30
   ❌   ❌   ❌   ❌   25
   ❌   ❌   11   15   ❌

Press enter to roll

Number rolled: 27
   35   40   18   38   20
    9   ❌   ❌   31   24
   ❌   ❌   ❌    8   30
   ❌   ❌   ❌   ❌   25
   ❌   ❌   11   15   ❌

Press enter to roll

Number rolled: 36
   35   40   18   38   20
    9   ❌   ❌   31   24
   ❌   ❌   ❌    8   30
   ❌   ❌   ❌   ❌   25
   ❌   ❌   11   15   ❌

Press enter to roll

Number rolled: 28
   35   40   18   38   20
    9   ❌   ❌   31   24
   ❌   ❌   ❌    8   30
   ❌   ❌   ❌   ❌   25
   ❌   ❌   11   15   ❌

Press enter to roll

Number rolled: 21
   35   40   18   38   20
    9   ❌   ❌   31   24
   ❌   ❌   ❌    8   30
   ❌   ❌   ❌   ❌   25
   ❌   ❌   11   15   ❌

Press enter to roll

Number rolled: 38
   35   40   18   ❌   20
    9   ❌   ❌   31   24
   ❌   ❌   ❌    8   30
   ❌   ❌   ❌   ❌   25
   ❌   ❌   11   15   ❌

Press enter to roll

Number rolled: 6
   35   40   18   ❌   20
    9   ❌   ❌   31   24
   ❌   ❌   ❌    8   30
   ❌   ❌   ❌   ❌   25
   ❌   ❌   11   15   ❌

Press enter to roll

Number rolled: 24
   35   40   18   ❌   20
    9   ❌   ❌   31   ❌
   ❌   ❌   ❌    8   30
   ❌   ❌   ❌   ❌   25
   ❌   ❌   11   15   ❌

Press enter to roll

Number rolled: 11
   35   40   18   ❌   20
    9   ❌   ❌   31   ❌
   ❌   ❌   ❌    8   30
   ❌   ❌   ❌   ❌   25
   ❌   ❌   ❌   15   ❌

Press enter to roll

Number rolled: 35
Five in a row (Diagonal)! BINGO !!!
   ❌   40   18   ❌   20
    9   ❌   ❌   31   ❌
   ❌   ❌   ❌    8   30
   ❌   ❌   ❌   ❌   25
   ❌   ❌   ❌   15   ❌
You win. Thanks for playing!
