   35   40   18   38   20
    9   21    1   31   24
   16   36   ❌    8   30
   14    6   33    3   25
   10   13   11   15   22

Press enter to roll

Number rolled: 33
   35   40   18   38   20
    9   21    1   31   24
   16   36   ❌    8   30
   14    6   ❌    3   25
   10   13   11   15   22

Press enter to roll

Number rolled: 11
   35   40   18   38   20
    9   21    1   31   24
   16   36   ❌    8   30
   14    6   ❌    3   25
   10   13   ❌   15   22

Press enter to roll

Number rolled: 7
   35   40   18   38   20
    9   21    1   31   24
   16   36   ❌    8   30
   14    6   ❌    3   25
   10   13   ❌   15   22

Press enter to roll

Number rolled: 3
   35   40   18   38   20
    9   21    1   31   24
   16   36   ❌    8   30
   14    6   ❌   ❌   25
   10   13   ❌   15   22

Press enter to roll

Number rolled: 19
   35   40   18   38   20
    9   21    1   31   24
   16   36   ❌    8   30
   14    6   ❌   ❌   25
   10   13   ❌   15   22

Press enter to roll

Number rolled: 33
   35   40   18   38   20
    9   21    1   31   24
   16   36   ❌    8   30
   14    6   ❌   ❌   25
   10   13   ❌   15   22

Press enter to roll

Number rolled: 45
   35   40   18   38   20
    9   21    1   31   24
   16   36   ❌    8   30
   14    6   ❌   ❌   25
   10   13   ❌   15   22

Press enter to roll

Number rolled: 39
   35   40   18   38   20
    9   21    1   31   24
   16   36   ❌    8   30
   14    6   ❌   ❌   25
   10   13   ❌   15   22

Press enter to roll

Number rolled: 36
   35   40   18   38   20
    9   21    1   31   24
   16   ❌   ❌    8   30
   14    6   ❌   ❌   25
   10   13   ❌   15   22

Press enter to roll

Number rolled: 1
   35   40   18   38   20
    9   21   ❌   31   24
   16   ❌   ❌    8   30
   14    6   ❌   ❌   25
   10   13   ❌   15   22

Press enter to roll

Number rolled: 6
   35   40   18   38   20
    9   21   ❌   31   24
   16   ❌   ❌    8   30
   14   ❌   ❌   ❌   25
   10   13   ❌   15   22

Press enter to roll

Number rolled: 12
   35   40   18   38   20
    9   21   ❌   31   24
   16   ❌   ❌    8   30
   14   ❌   ❌   ❌   25
   10   13   ❌   15   22

Press enter to roll

Number rolled: 15
   35   40   18   38   20
    9   21   ❌   31   24
   16   ❌   ❌    8   30
   14   ❌   ❌   ❌   25
   10   13   ❌   ❌   22

Press enter to roll

Number rolled: 28
   35   40   18   38   20
    9   21   ❌   31   24
   16   ❌   ❌    8   30
   14   ❌   ❌   ❌   25
   10   13   ❌   ❌   22

Press enter to roll

Number rolled: 45
   35   40   18   38   20
    9   21   ❌   31   24
   16   ❌   ❌    8   30
   14   ❌   ❌   ❌   25
   10   13   ❌   ❌   22

Press enter to roll

Number rolled: 15
   35   40   18   38   20
    9   21   ❌   31   24
   16   ❌   ❌    8   30
   14   ❌   ❌   ❌   25
   10   13   ❌   ❌   22

Press enter to roll

Number rolled: 34
   35   40   18   38   20
    9   21   ❌   31   24
   16   ❌   ❌    8   30
   14   ❌   ❌   ❌   25
   10   13   ❌   ❌   22

Press enter to roll

Number rolled: 36
   35   40   18   38   20
    9   21   ❌   31   24
   16   ❌   ❌    8   30
   14   ❌   ❌   ❌   25
   10   13   ❌   ❌   22

Press enter to roll

Number rolled: 32
   35   40   18   38   20
    9   21   ❌   31   24
   16   ❌   ❌    8   30
   14   ❌   ❌   ❌   25
   10   13   ❌   ❌   22

Press enter to roll

Number rolled: 31
   35   40   18   38   20
    9   21   ❌   ❌   24
   16   ❌   ❌    8   30
   14   ❌   ❌   ❌   25
   10   13   ❌   ❌   22

Press enter to roll

Number rolled: 24
   35   40   18   38   20
    9   21   ❌   ❌   ❌
   16   ❌   ❌    8   30
   14   ❌   ❌   ❌   25
   10   13   ❌   ❌   22

Press enter to roll

Number rolled: 37
   35   40   18   38   20
    9   21   ❌   ❌   ❌
   16   ❌   ❌    8   30
   14   ❌   ❌   ❌   25
   10   13   ❌   ❌   22

Press enter to roll

Number rolled: 30
   35   40   18   38   20
    9   21   ❌   ❌   ❌
   16   ❌   ❌    8   ❌
   14   ❌   ❌   ❌   25
   10   13   ❌   ❌   22

Press enter to roll

Number rolled: 39
   35   40   18   38   20
    9   21   ❌   ❌   ❌
   16   ❌   ❌    8   ❌
   14   ❌   ❌   ❌   25
   10   13   ❌   ❌   22

Press enter to roll

Number rolled: 14
   35   40   18   38   20
    9   21   ❌   ❌   ❌
   16   ❌   ❌    8   ❌
   ❌   ❌   ❌   ❌   25
   10   13   ❌   ❌   22

Press enter to roll

Number rolled: 45
   35   40   18   38   20
    9   21   ❌   ❌   ❌
   16   ❌   ❌    8   ❌
   ❌   ❌   ❌   ❌   25
   10   13   ❌   ❌   22

Press enter to roll

Number rolled: 25
Five in a row (Horizontal)! BINGO !!!
   35   40   18   38   20
    9   21   ❌   ❌   ❌
   16   ❌   ❌    8   ❌
   ❌   ❌   ❌   ❌   ❌
   10   13   ❌   ❌   22
You win. Thanks for playing!
