   35   40   18   38   20
    9   21    1   31   24
   16   36   ❌    8   30
   14    6   33    3   25
   10   13   11   15   22

Press enter to roll

Number rolled: 36
   35   40   18   38   20
    9   21    1   31   24
   16   ❌   ❌    8   30
   14    6   33    3   25
   10   13   11   15   22

Press enter to roll

Number rolled: 33
   35   40   18   38   20
    9   21    1   31   24
   16   ❌   ❌    8   30
   14    6   ❌    3   25
   10   13   11   15   22

Press enter to roll

Number rolled: 19
   35   40   18   38   20
    9   21    1   31   24
   16   ❌   ❌    8   30
   14    6   ❌    3   25
   10   13   11   15   22

Press enter to roll

Number rolled: 28
   35   40   18   38   20
    9   21    1   31   24
   16   ❌   ❌    8   30
   14    6   ❌    3   25
   10   13   11   15   22

Press enter to roll

Number rolled: 17
   35   40   18   38   20
    9   21    1   31   24
   16   ❌   ❌    8   30
   14    6   ❌    3   25
   10   13   11   15   22

Press enter to roll

Number rolled: 5
   35   40   18   38   20
    9   21    1   31   24
   16   ❌   ❌    8   30
   14    6   ❌    3   25
   10   13   11   15   22

Press enter to roll

Number rolled: 31
   35   40   18   38   20
    9   21    1   ❌   24
   16   ❌   ❌    8   30
   14    6   ❌    3   25
   10   13   11   15   22

Press enter to roll

Number rolled: 9
   35   40   18   38   20
   ❌   21    1   ❌   24
   16   ❌   ❌    8   30
   14    6   ❌    3   25
   10   13   11   15   22

Press enter to roll

Number rolled: 7
   35   40   18   38   20
   ❌   21    1   ❌   24
   16   ❌   ❌    8   30
   14    6   ❌    3   25
   10   13   11   15   22

Press enter to roll

Number rolled: 6
   35   40   18   38   20
   ❌   21    1   ❌   24
   16   ❌   ❌    8   30
   14   ❌   ❌    3   25
   10   13   11   15   22

Press enter to roll

Number rolled: 15
   35   40   18   38   20
   ❌   21    1   ❌   24
   16   ❌   ❌    8   30
   14   ❌   ❌    3   25
   10   13   11   ❌   22

Press enter to roll

Number rolled: 44
   35   40   18   38   20
   ❌   21    1   ❌   24
   16   ❌   ❌    8   30
   14   ❌   ❌    3   25
   10   13   11   ❌   22

Press enter to roll

Number rolled: 8
   35   40   18   38   20
   ❌   21    1   ❌   24
   16   ❌   ❌   ❌   30
   14   ❌   ❌    3   25
   10   13   11   ❌   22

Press enter to roll

Number rolled: 16
   35   40   18   38   20
   ❌   21    1   ❌   24
   ❌   ❌   ❌   ❌   30
   14   ❌   ❌    3   25
   10   13   11   ❌   22

Press enter to roll

Number rolled: 43
   35   40   18   38   20
   ❌   21    1   ❌   24
   ❌   ❌   ❌   ❌   30
   14   ❌   ❌    3   25
   10   13   11   ❌   22

Press enter to roll

Number rolled: 44
   35   40   18   38   20
   ❌   21    1   ❌   24
   ❌   ❌   ❌   ❌   30
   14   ❌   ❌    3   25
   10   13   11   ❌   22

Press enter to roll

Number rolled: 1
   35   40   18   38   20
   ❌   21   ❌   ❌   24
   ❌   ❌   ❌   ❌   30
   14   ❌   ❌    3   25
   10   13   11   ❌   22

Press enter to roll

Number rolled: 7
   35   40   18   38   20
   ❌   21   ❌   ❌   24
   ❌   ❌   ❌   ❌   30
   14   ❌   ❌    3   25
   10   13   11   ❌   22

Press enter to roll

Number rolled: 28
   35   40   18   38   20
   ❌   21   ❌   ❌   24
   ❌   ❌   ❌   ❌   30
   14   ❌   ❌    3   25
   10   13   11   ❌   22

Press enter to roll

Number rolled: 29
   35   40   18   38   20
   ❌   21   ❌   ❌   24
   ❌   ❌   ❌   ❌   30
   14   ❌   ❌    3   25
   10   13   11   ❌   22

Press enter to roll

Number rolled: 19
   35   40   18   38   20
   ❌   21   ❌   ❌   24
   ❌   ❌   ❌   ❌   30
   14   ❌   ❌    3   25
   10   13   11   ❌   22

Press enter to roll

Number rolled: 9
   35   40   18   38   20
   ❌   21   ❌   ❌   24
   ❌   ❌   ❌   ❌   30
   14   ❌   ❌    3   25
   10   13   11   ❌   22

Press enter to roll

Number rolled: 41
   35   40   18   38   20
   ❌   21   ❌   ❌   24
   ❌   ❌   ❌   ❌   30
   14   ❌   ❌    3   25
   10   13   11   ❌   22

Press enter to roll

Number rolled: 11
   35   40   18   38   20
   ❌   21   ❌   ❌   24
   ❌   ❌   ❌   ❌   30
   14   ❌   ❌    3   25
   10   13   ❌   ❌   22

Press enter to roll

Number rolled: 31
   35   40   18   38   20
   ❌   21   ❌   ❌   24
   ❌   ❌   ❌   ❌   30
   14   ❌   ❌    3   25
   10   13   ❌   ❌   22

Press enter to roll

Number rolled: 1
   35   40   18   38   20
   ❌   21   ❌   ❌   24
   ❌   ❌   ❌   ❌   30
   14   ❌   ❌    3   25
   10   13   ❌   ❌   22

Press enter to roll

Number rolled: 11
   35   40   18   38   20
   ❌   21   ❌   ❌   24
   ❌   ❌   ❌   ❌   30
   14   ❌   ❌    3   25
   10   13   ❌   ❌   22

Press enter to roll

Number rolled: 7
   35   40   18   38   20
   ❌   21   ❌   ❌   24
   ❌   ❌   ❌   ❌   30
   14   ❌   ❌    3   25
   10   13   ❌   ❌   22

Press enter to roll

Number rolled: 24
   35   40   18   38   20
   ❌   21   ❌   ❌   ❌
   ❌   ❌   ❌   ❌   30
   14   ❌   ❌    3   25
   10   13   ❌   ❌   22

Press enter to roll

Number rolled: 13
   35   40   18   38   20
   ❌   21   ❌   ❌   ❌
   ❌   ❌   ❌   ❌   30
   14   ❌   ❌    3   25
   10   ❌   ❌   ❌   22

Press enter to roll

Number rolled: 41
   35   40   18   38   20
   ❌   21   ❌   ❌   ❌
   ❌   ❌   ❌   ❌   30
   14   ❌   ❌    3   25
   10   ❌   ❌   ❌   22

Press enter to roll

Number rolled: 9
   35   40   18   38   20
   ❌   21   ❌   ❌   ❌
   ❌   ❌   ❌   ❌   30
   14   ❌   ❌    3   25
   10   ❌   ❌   ❌   22

Press enter to roll

Number rolled: 31
   35   40   18   38   20
   ❌   21   ❌   ❌   ❌
   ❌   ❌   ❌   ❌   30
   14   ❌   ❌    3   25
   10   ❌   ❌   ❌   22

Press enter to roll

Number rolled: 24
   35   40   18   38   20
   ❌   21   ❌   ❌   ❌
   ❌   ❌   ❌   ❌   30
   14   ❌   ❌    3   25
   10   ❌   ❌   ❌   22

Press enter to roll

Number rolled: 23
   35   40   18   38   20
   ❌   21   ❌   ❌   ❌
   ❌   ❌   ❌   ❌   30
   14   ❌   ❌    3   25
   10   ❌   ❌   ❌   22

Press enter to roll

Number rolled: 29
   35   40   18   38   20
   ❌   21   ❌   ❌   ❌
   ❌   ❌   ❌   ❌   30
   14   ❌   ❌    3   25
   10   ❌   ❌   ❌   22

Press enter to roll

Number rolled: 11
   35   40   18   38   20
   ❌   21   ❌   ❌   ❌
   ❌   ❌   ❌   ❌   30
   14   ❌   ❌    3   25
   10   ❌   ❌   ❌   22

Press enter to roll

Number rolled: 8
   35   40   18   38   20
   ❌   21   ❌   ❌   ❌
   ❌   ❌   ❌   ❌   30
   14   ❌   ❌    3   25
   10   ❌   ❌   ❌   22

Press enter to roll

Number rolled: 35
   ❌   40   18   38   20
   ❌   21   ❌   ❌   ❌
   ❌   ❌   ❌   ❌   30
   14   ❌   ❌    3   25
   10   ❌   ❌   ❌   22

Press enter to roll

Number rolled: 8
   ❌   40   18   38   20
   ❌   21   ❌   ❌   ❌
   ❌   ❌   ❌   ❌   30
   14   ❌   ❌    3   25
   10   ❌   ❌   ❌   22

Press enter to roll

Number rolled: 26
   ❌   40   18   38   20
   ❌   21   ❌   ❌   ❌
   ❌   ❌   ❌   ❌   30
   14   ❌   ❌    3   25
   10   ❌   ❌   ❌   22

Press enter to roll

Number rolled: 8
   ❌   40   18   38   20
   ❌   21   ❌   ❌   ❌
   ❌   ❌   ❌   ❌   30
   14   ❌   ❌    3   25
   10   ❌   ❌   ❌   22

Press enter to roll

Number rolled: 33
   ❌   40   18   38   20
   ❌   21   ❌   ❌   ❌
   ❌   ❌   ❌   ❌   30
   14   ❌   ❌    3   25
   10   ❌   ❌   ❌   22

Press enter to roll

Number rolled: 37
   ❌   40   18   38   20
   ❌   21   ❌   ❌   ❌
   ❌   ❌   ❌   ❌   30
   14   ❌   ❌    3   25
   10   ❌   ❌   ❌   22

Press enter to roll

Number rolled: 40
   ❌   ❌   18   38   20
   ❌   21   ❌   ❌   ❌
   ❌   ❌   ❌   ❌   30
   14   ❌   ❌    3   25
   10   ❌   ❌   ❌   22

Press enter to roll

Number rolled: 26
   ❌   ❌   18   38   20
   ❌   21   ❌   ❌   ❌
   ❌   ❌   ❌   ❌   30
   14   ❌   ❌    3   25
   10   ❌   ❌   ❌   22

Press enter to roll

Number rolled: 6
   ❌   ❌   18   38   20
   ❌   21   ❌   ❌   ❌
   ❌   ❌   ❌   ❌   30
   14   ❌   ❌    3   25
   10   ❌   ❌   ❌   22

Press enter to roll

Number rolled: 16
   ❌   ❌   18   38   20
   ❌   21   ❌   ❌   ❌
   ❌   ❌   ❌   ❌   30
   14   ❌   ❌    3   25
   10   ❌   ❌   ❌   22

Press enter to roll

Number rolled: 34
   ❌   ❌   18   38   20
   ❌   21   ❌   ❌   ❌
   ❌   ❌   ❌   ❌   30
   14   ❌   ❌    3   25
   10   ❌   ❌   ❌   22

Press enter to roll

Number rolled: 12
   ❌   ❌   18   38   20
   ❌   21   ❌   ❌   ❌
   ❌   ❌   ❌   ❌   30
   14   ❌   ❌    3   25
   10   ❌   ❌   ❌   22

Press enter to roll

Number rolled: 40
   ❌   ❌   18   38   20
   ❌   21   ❌   ❌   ❌
   ❌   ❌   ❌   ❌   30
   14   ❌   ❌    3   25
   10   ❌   ❌   ❌   22

Press enter to roll

Number rolled: 23
   ❌   ❌   18   38   20
   ❌   21   ❌   ❌   ❌
   ❌   ❌   ❌   ❌   30
   14   ❌   ❌    3   25
   10   ❌   ❌   ❌   22

Press enter to roll

Number rolled: 15
   ❌   ❌   18   38   20
   ❌   21   ❌   ❌   ❌
   ❌   ❌   ❌   ❌   30
   14   ❌   ❌    3   25
   10   ❌   ❌   ❌   22

Press enter to roll

Number rolled: 7
   ❌   ❌   18   38   20
   ❌   21   ❌   ❌   ❌
   ❌   ❌   ❌   ❌   30
   14   ❌   ❌    3   25
   10   ❌   ❌   ❌   22

Press enter to roll

Number rolled: 40
   ❌   ❌   18   38   20
   ❌   21   ❌   ❌   ❌
   ❌   ❌   ❌   ❌   30
   14   ❌   ❌    3   25
   10   ❌   ❌   ❌   22

Press enter to roll

Number rolled: 24
   ❌   ❌   18   38   20
   ❌   21   ❌   ❌   ❌
   ❌   ❌   ❌   ❌   30
   14   ❌   ❌    3   25
   10   ❌   ❌   ❌   22

Press enter to roll

Number rolled: 25
   ❌   ❌   18   38   20
   ❌   21   ❌   ❌   ❌
   ❌   ❌   ❌   ❌   30
   14   ❌   ❌    3   ❌
   10   ❌   ❌   ❌   22

Press enter to roll

Number rolled: 45
   ❌   ❌   18   38   20
   ❌   21   ❌   ❌   ❌
   ❌   ❌   ❌   ❌   30
   14   ❌   ❌    3   ❌
   10   ❌   ❌   ❌   22

Press enter to roll

Number rolled: 41
   ❌   ❌   18   38   20
   ❌   21   ❌   ❌   ❌
   ❌   ❌   ❌   ❌   30
   14   ❌   ❌    3   ❌
   10   ❌   ❌   ❌   22

Press enter to roll

Number rolled: 41
   ❌   ❌   18   38   20
   ❌   21   ❌   ❌   ❌
   ❌   ❌   ❌   ❌   30
   14   ❌   ❌    3   ❌
   10   ❌   ❌   ❌   22

Press enter to roll

Number rolled: 18
Five in a row (Vertical)! BINGO !!!
   ❌   ❌   ❌   38   20
   ❌   21   ❌   ❌   ❌
   ❌   ❌   ❌   ❌   30
   14   ❌   ❌    3   ❌
   10   ❌   ❌   ❌   22
You win. Thanks for playing!
